<?xml version="1.0" encoding="UTF-8"?>
<testsuites>
  <testsuite name="tests" tests="3" assertions="3" failures="0" errors="0" time="0.001398">
    <testsuite name="User2" file="C:\xampp\htdocs\laravel\tests\User2Test.php" tests="1" assertions="1" failures="0" errors="0" time="0.000990">
      <testcase name="testExample" class="User2" file="C:\xampp\htdocs\laravel\tests\User2Test.php" line="16" assertions="1" time="0.000990"/>
    </testsuite>
    <testsuite name="User3" file="C:\xampp\htdocs\laravel\tests\User3Test.php" tests="1" assertions="1" failures="0" errors="0" time="0.000217">
      <testcase name="testExample" class="User3" file="C:\xampp\htdocs\laravel\tests\User3Test.php" line="16" assertions="1" time="0.000217"/>
    </testsuite>
    <testsuite name="User" file="C:\xampp\htdocs\laravel\tests\UserTest.php" tests="1" assertions="1" failures="0" errors="0" time="0.000191">
      <testcase name="testExample" class="User" file="C:\xampp\htdocs\laravel\tests\UserTest.php" line="16" assertions="1" time="0.000191"/>
    </testsuite>
  </testsuite>
</testsuites>
